0 info it worked if it ends with ok
1 verbose cli [ '/usr/bin/nodejs',
1 verbose cli   '/usr/bin/npm',
1 verbose cli   'install',
1 verbose cli   '--save',
1 verbose cli   'express',
1 verbose cli   'body-parser',
1 verbose cli   'jade' ]
2 info using npm@3.5.2
3 info using node@v4.2.6
4 silly loadCurrentTree Starting
5 silly install loadCurrentTree
6 silly install readLocalPackageData
7 silly fetchPackageMetaData express
8 silly fetchPackageMetaData body-parser
9 silly fetchPackageMetaData jade
10 silly fetchNamedPackageData express
11 silly mapToRegistry name express
12 silly mapToRegistry using default registry
13 silly mapToRegistry registry https://registry.npmjs.org/
14 silly mapToRegistry uri https://registry.npmjs.org/express
15 silly fetchNamedPackageData body-parser
16 silly mapToRegistry name body-parser
17 silly mapToRegistry using default registry
18 silly mapToRegistry registry https://registry.npmjs.org/
19 silly mapToRegistry uri https://registry.npmjs.org/body-parser
20 silly fetchNamedPackageData jade
21 silly mapToRegistry name jade
22 silly mapToRegistry using default registry
23 silly mapToRegistry registry https://registry.npmjs.org/
24 silly mapToRegistry uri https://registry.npmjs.org/jade
25 verbose request uri https://registry.npmjs.org/body-parser
26 verbose request no auth needed
27 info attempt registry request try #1 at 17:05:32
28 verbose request id 5bf8f6bbb8abfa26
29 verbose etag W/"5911912a-20362"
30 verbose lastModified Tue, 09 May 2017 09:51:38 GMT
31 http request GET https://registry.npmjs.org/body-parser
32 verbose request uri https://registry.npmjs.org/jade
33 verbose request no auth needed
34 info attempt registry request try #1 at 17:05:32
35 verbose etag W/"5912e04d-27b6d"
36 verbose lastModified Wed, 10 May 2017 09:41:33 GMT
37 http request GET https://registry.npmjs.org/jade
38 verbose request uri https://registry.npmjs.org/express
39 verbose request no auth needed
40 info attempt registry request try #1 at 17:05:32
41 verbose etag W/"59131e90-8be86"
42 verbose lastModified Wed, 10 May 2017 14:07:12 GMT
43 http request GET https://registry.npmjs.org/express
44 http 304 https://registry.npmjs.org/body-parser
45 verbose headers { date: 'Wed, 10 May 2017 15:05:32 GMT',
45 verbose headers   via: '1.1 varnish',
45 verbose headers   'cache-control': 'max-age=300',
45 verbose headers   etag: 'W/"5911912a-20362"',
45 verbose headers   age: '97',
45 verbose headers   connection: 'keep-alive',
45 verbose headers   'x-served-by': 'cache-lcy1149-LCY',
45 verbose headers   'x-cache': 'HIT',
45 verbose headers   'x-cache-hits': '3',
45 verbose headers   'x-timer': 'S1494428733.675528,VS0,VE0',
45 verbose headers   vary: 'Accept-Encoding' }
46 silly get cb [ 304,
46 silly get   { date: 'Wed, 10 May 2017 15:05:32 GMT',
46 silly get     via: '1.1 varnish',
46 silly get     'cache-control': 'max-age=300',
46 silly get     etag: 'W/"5911912a-20362"',
46 silly get     age: '97',
46 silly get     connection: 'keep-alive',
46 silly get     'x-served-by': 'cache-lcy1149-LCY',
46 silly get     'x-cache': 'HIT',
46 silly get     'x-cache-hits': '3',
46 silly get     'x-timer': 'S1494428733.675528,VS0,VE0',
46 silly get     vary: 'Accept-Encoding' } ]
47 verbose etag https://registry.npmjs.org/body-parser from cache
48 verbose get saving body-parser to /home/lefort/.npm/registry.npmjs.org/body-parser/.cache.json
49 http 304 https://registry.npmjs.org/jade
50 verbose headers { date: 'Wed, 10 May 2017 15:05:32 GMT',
50 verbose headers   via: '1.1 varnish',
50 verbose headers   'cache-control': 'max-age=300',
50 verbose headers   etag: 'W/"5912e04d-27b6d"',
50 verbose headers   age: '217',
50 verbose headers   connection: 'keep-alive',
50 verbose headers   'x-served-by': 'cache-lcy1139-LCY',
50 verbose headers   'x-cache': 'HIT',
50 verbose headers   'x-cache-hits': '2',
50 verbose headers   'x-timer': 'S1494428733.814213,VS0,VE0',
50 verbose headers   vary: 'Accept-Encoding' }
51 silly get cb [ 304,
51 silly get   { date: 'Wed, 10 May 2017 15:05:32 GMT',
51 silly get     via: '1.1 varnish',
51 silly get     'cache-control': 'max-age=300',
51 silly get     etag: 'W/"5912e04d-27b6d"',
51 silly get     age: '217',
51 silly get     connection: 'keep-alive',
51 silly get     'x-served-by': 'cache-lcy1139-LCY',
51 silly get     'x-cache': 'HIT',
51 silly get     'x-cache-hits': '2',
51 silly get     'x-timer': 'S1494428733.814213,VS0,VE0',
51 silly get     vary: 'Accept-Encoding' } ]
52 verbose etag https://registry.npmjs.org/jade from cache
53 verbose get saving jade to /home/lefort/.npm/registry.npmjs.org/jade/.cache.json
54 http 304 https://registry.npmjs.org/express
55 verbose headers { date: 'Wed, 10 May 2017 15:05:32 GMT',
55 verbose headers   via: '1.1 varnish',
55 verbose headers   'cache-control': 'max-age=300',
55 verbose headers   etag: 'W/"59131e90-8be86"',
55 verbose headers   age: '168',
55 verbose headers   connection: 'keep-alive',
55 verbose headers   'x-served-by': 'cache-lcy1124-LCY',
55 verbose headers   'x-cache': 'HIT',
55 verbose headers   'x-cache-hits': '2',
55 verbose headers   'x-timer': 'S1494428733.973085,VS0,VE0',
55 verbose headers   vary: 'Accept-Encoding' }
56 silly get cb [ 304,
56 silly get   { date: 'Wed, 10 May 2017 15:05:32 GMT',
56 silly get     via: '1.1 varnish',
56 silly get     'cache-control': 'max-age=300',
56 silly get     etag: 'W/"59131e90-8be86"',
56 silly get     age: '168',
56 silly get     connection: 'keep-alive',
56 silly get     'x-served-by': 'cache-lcy1124-LCY',
56 silly get     'x-cache': 'HIT',
56 silly get     'x-cache-hits': '2',
56 silly get     'x-timer': 'S1494428733.973085,VS0,VE0',
56 silly get     vary: 'Accept-Encoding' } ]
57 verbose etag https://registry.npmjs.org/express from cache
58 verbose get saving express to /home/lefort/.npm/registry.npmjs.org/express/.cache.json
59 silly install normalizeTree
60 silly loadCurrentTree Finishing
61 silly loadIdealTree Starting
62 silly install loadIdealTree
63 silly cloneCurrentTree Starting
64 silly install cloneCurrentTreeToIdealTree
65 silly cloneCurrentTree Finishing
66 silly loadShrinkwrap Starting
67 silly install loadShrinkwrap
68 silly loadShrinkwrap Finishing
69 silly loadAllDepsIntoIdealTree Starting
70 silly install loadAllDepsIntoIdealTree
71 silly rollbackFailedOptional Starting
72 silly rollbackFailedOptional Finishing
73 silly runTopLevelLifecycles Starting
74 silly runTopLevelLifecycles Finishing
75 silly install printInstalled
76 verbose stack Error: Refusing to install jade as a dependency of itself
76 verbose stack     at checkSelf (/usr/share/npm/lib/install/validate-args.js:40:14)
76 verbose stack     at Array.<anonymous> (/usr/share/npm/node_modules/slide/lib/bind-actor.js:15:8)
76 verbose stack     at LOOP (/usr/share/npm/node_modules/slide/lib/chain.js:15:14)
76 verbose stack     at chain (/usr/share/npm/node_modules/slide/lib/chain.js:20:5)
76 verbose stack     at /usr/share/npm/lib/install/validate-args.js:15:5
76 verbose stack     at /usr/share/npm/node_modules/slide/lib/async-map.js:52:35
76 verbose stack     at Array.forEach (native)
76 verbose stack     at /usr/share/npm/node_modules/slide/lib/async-map.js:52:11
76 verbose stack     at Array.forEach (native)
76 verbose stack     at asyncMap (/usr/share/npm/node_modules/slide/lib/async-map.js:51:8)
77 verbose cwd /home/lefort/Documents/Auch/jade
78 error Linux 4.4.0-75-generic
79 error argv "/usr/bin/nodejs" "/usr/bin/npm" "install" "--save" "express" "body-parser" "jade"
80 error node v4.2.6
81 error npm  v3.5.2
82 error code ENOSELF
83 error Refusing to install jade as a dependency of itself
84 error If you need help, you may report this error at:
84 error     <https://github.com/npm/npm/issues>
85 verbose exit [ 1, true ]
